The 3D MT forward data sets of 7 frequencies are producing ... 
Frequency = 0.01 Hz:
112.565
115.978
114.538
110.587
87.0177
60.2537
51.0771
59.1342
86.3418
110.514
116.364
114.585
113.643
116.168
121.474
128.083
130.804
86.5055
35.6763
28.8609
35.9296
86.4836
131.176
128.439
121.137
117.278
119.523
126.254
138.66
145.725
81.9817
24.6157
19.5379
24.7113
82.7236
145.918
137.748
127.493
120.052
119.595
127.419
141.269
149.038
79.8967
23.7606
17.7104
22.2827
79.0672
149.452
141.062
129.087
120.871
117.724
125.753
139.149
146.893
83.4988
25.4212
20.0496
25.2866
83.2982
146.896
138.077
126.553
118.893
115.084
119.557
127.765
132.619
90.4328
38.4686
31.2151
38.5579
90.7727
132.954
126.66
120.462
114.625
108.766
110.529
111.571
109.982
94.5545
69.211
60.1108
68.8397
93.8347
110.38
112.212
110.318
110.722
103.877
101.853
98.9937
94.1854
101.799
99.845
92.5518
99.5056
101.978
94.2898
97.5089
102.068
104.655
101.104
96.2957
88.5645
85.1791
110.588
126.645
122.299
127.026
107.984
84.8488
88.7906
95.3023
100.852
98.0268
91.7266
85.3764
82.4341
112.907
141.984
138.916
141.424
115.067
82.0448
84.5971
92.9965
98.3542
98.0507
93.0813
86.7159
83.9348
115.407
141.159
138.797
140.701
114.609
84.5901
86.3673
92.7489
97.0572
98.6235
95.2092
92.0808
91.3701
110.786
128.018
127.254
127.518
111.665
92.1991
91.2487
95.3633
97.7507
100.808
98.4153
96.6498
100.237
108.391
115.709
117.109
115.957
108.36
100.204
96.4568
97.093
99.1576
Frequency = 0.031623 Hz:
110.595
112.488
113.245
107.843
85.7502
61.5309
54.7615
62.1395
85.8886
107.711
113.437
111.699
111.257
113.239
117.225
122.866
124.702
84.1668
37.8025
31.5227
37.896
83.9804
125.097
123.161
117.024
113.336
114.666
122.113
130.977
136.792
79.2549
26.5252
21.9396
26.4951
79.9257
136.978
130.939
122.31
116.085
116.168
123.621
133.695
139.374
76.6516
23.9919
20.0259
24.5541
76.8996
140.348
134.208
123.156
116.733
114.959
121.681
130.893
138.136
80.4349
27.6694
22.4734
27.2953
79.9714
138.286
131.886
120.883
115.542
111.814
115.116
122.369
126.743
87.9092
40.2413
33.9004
40.4649
88.1067
126.601
121.23
116.063
112.198
107.725
108.459
109.815
107.131
92.8916
69.9564
62.4573
69.7848
92.9384
107.594
108.533
108.362
106.666
103.996
101.041
98.0052
93.408
102.593
100.797
94.6269
101.104
102.634
94.5101
97.6358
99.7583
102.417
99.3355
94.5095
89.7919
85.6954
112.844
129.734
123.672
128.613
110.392
85.7158
89.2921
96.0564
99.3105
97.9344
93.3888
86.3857
83.4973
117.814
143.596
140.872
143.777
119.454
83.7788
86.0073
92.8622
98.4643
98.2326
92.889
87.6445
86.4279
113.875
141.933
140.204
142.224
116.343
85.2965
87.6209
94.0359
97.8677
98.6782
95.4002
92.1973
92.6089
112.019
127.172
127.025
127.268
112.897
92.6899
92.0857
94.8787
98.5925
100.481
98.9505
97.5156
99.5965
107.722
114.696
116.352
114.573
107.571
99.4587
97.5072
97.9946
100.111
Frequency = 0.1 Hz:
105.014
106.204
105.941
102.115
84.1159
64.3752
58.8069
64.3935
83.8335
102.135
106.196
106.251
106.509
106.365
109.473
112.355
113.521
79.4484
41.6756
36.7551
41.5066
79.6279
113.422
112.998
109.631
108.215
107.701
113.093
118.559
121.675
74.0027
30.3137
26.3921
30.142
73.6681
121.499
119.282
111.991
107.367
108.751
112.422
120.015
123.328
71.0544
28.0217
24.258
28.0282
71.4708
122.975
121.808
112.751
108.285
108.482
112.961
118.926
123.063
74.0841
31.1828
27.1525
30.9862
74.6444
122.619
118.5
112.882
109.27
106.149
109.788
112.368
115.48
82.5209
44.4375
39.4542
44.5581
83.134
115.346
113.104
109.598
105.75
103.632
104.139
103.878
102.592
90.9425
74.243
67.5514
74.0915
91.0556
102.62
104.305
104.734
104.093
101.343
98.7338
95.773
93.0606
102.972
104.072
99.7177
104.528
102.896
93.9082
97.3
100.315
100.813
98.9465
95.609
91.9318
88.6621
113.977
131.22
128.304
131.106
114.469
88.3092
91.5048
96.522
99.0226
98.639
94.778
88.5569
87.4168
119.336
144.377
143.096
144.449
120.002
87.9262
89.7174
95.6927
99.3822
99.5128
95.8011
90.6715
89.8606
120.935
143.447
143.988
143.658
118.432
89.6555
91.3851
96.4692
99.0123
99.9848
98.0032
95.099
95.5147
114.83
128.528
128.658
128.919
115.416
95.2464
94.7896
96.7987
99.811
102.374
99.9907
99.4716
102.286
109.172
115.57
116.605
116.087
109.966
100.506
98.177
99.5817
100.864
Frequency = 3.16228 Hz:
102.727
104.183
102.09
102.396
102.918
104.94
106.246
105.735
103.439
102.387
103.118
102.677
104.211
103.888
102.832
103.23
101.954
98.9195
96.8403
98.6589
97.132
98.9013
100.954
106.377
103.371
104.241
102.29
103.192
101.682
101.275
95.9864
91.7815
92.9381
91.2312
96.3505
101.804
101.308
100.878
102.982
105.627
102.949
102.145
101.402
96.0272
92.2942
92.7959
92.7342
96.1057
101.511
101.822
107.117
104.517
105.77
102.205
101.194
101.319
95.664
91.9505
91.1897
91.2821
95.6421
100.579
100.191
103.647
103.076
105.684
103.291
100.343
99.8425
98.5566
96.0178
95.696
96.3873
98.8564
100.056
101.902
105.1
107.035
102.827
102.831
102.283
101.077
102.978
103.773
104.125
103.97
103.503
101.497
101.906
101.636
106.021
103.286
106.767
102.94
102.302
106.994
113.031
113.628
112.271
107.715
103.026
103.233
102.808
103.958
103.25
104.264
104.303
103.073
112.883
125.401
123.374
123.45
114.243
103.591
103.565
101.071
103.618
104.982
101.8
102.554
104.273
115.131
125.956
127.736
127.007
113.956
103.386
105.772
102.554
103.383
104.405
102.682
102.335
102.86
113.812
122.724
122.625
121.99
113.087
102.369
103.105
103.421
104.753
103.33
103.07
103.309
101.601
104.623
109.507
110.193
110.308
105.008
101.827
102.401
102.068
103.768
104.429
103.815
102.785
101.83
101.345
101.246
101.838
101.482
100.188
101.091
103.656
102.63
102.348
Frequency = 1 Hz:
101.147
100.858
99.8245
100.023
95.5273
91.7059
90.4865
91.0131
95.0812
99.3498
100.153
101.478
102.569
101.387
99.794
99.0014
97.1518
83.7942
69.7775
68.454
69.9359
84.1247
96.7538
98.6919
101.243
103.588
102.131
99.0035
98.3288
96.1078
75.4774
56.5559
54.9819
57.1806
75.5811
95.1793
98.663
101.125
101.602
102.412
99.0079
97.5331
95.1257
74.4
54.8265
53.1082
54.9279
74.0419
94.6017
98.0703
100.167
101.622
101.457
99.3863
97.9204
96.5648
75.2182
56.9904
55.2579
57.0068
76.2969
96.2103
98.7581
100.875
102.426
101.197
100.274
99.3733
98.4736
85.2771
71.7359
70.6726
71.8193
85.4151
98.3163
100.566
102.01
103.488
103.082
101.271
101.415
102.058
100.931
100.974
101.081
101.006
102.974
101.046
101.334
102.304
103.105
102.874
102.699
101.796
104.724
120.024
130.142
130.045
129.45
119.16
104.604
101.713
103.241
103.212
102.701
102.655
102.889
106.687
132.826
153.978
154.441
154.207
132.821
105.843
103.074
102.076
103.527
102.657
101.941
102.621
106.483
137.356
161.48
164.999
163.317
137.045
107.716
103.035
102.78
104.623
104.169
103.595
102.362
106.507
132.706
156.27
155.352
153.597
132.606
106.271
106.807
103.052
103.163
102.938
103.385
102.931
105.067
119.388
131.72
132.322
131.641
119.508
105.512
104.377
102.621
102.811
102.226
101.86
103.003
104.149
108.225
113.777
113.446
112.737
108.431
104.203
101.815
101.631
102.662
Frequency = 0.316228 Hz:
100.948
99.4769
99.2395
95.5891
84.9464
73.317
70.485
73.5177
84.7201
95.7666
98.9163
100.247
101.058
100.276
100.674
100.623
98.3349
75.7498
50.8911
48.1178
50.799
75.2083
98.8974
100.475
100.343
100.108
100.886
99.6517
101.173
100.127
66.9382
37.9438
35.6992
38.0067
67.3211
100.442
101.019
100.204
100.434
101.786
100.257
101.712
101.406
64.4938
35.66
33.0124
35.6622
65.3226
101.184
101.509
101.698
100.011
101.345
100.455
102.157
101.728
68.2419
39.0135
36.7905
38.7845
68.4572
101.898
102.909
100.556
100.78
100.746
100.537
100.419
101.142
78.27
53.9472
51.5335
54.187
79.5766
100.951
101.353
100.64
100.906
100.13
99.0107
98.6868
98.5123
92.6731
84.3869
82.1525
84.4988
92.8921
98.253
98.1709
99.2401
100.136
100.416
99.1124
97.8967
97.2033
108.535
115.929
114.222
116.04
109.019
96.5451
96.8395
98.5833
100.023
100.11
98.2902
96.1744
96.9313
121.144
143.28
141.216
143.485
124.319
95.8761
95.4627
98.1186
100.515
100.795
98.4202
97.0121
97.3068
129.049
155.198
155.659
155.708
130.2
97.06
96.2055
98.1087
100.621
101.214
99.7211
97.647
98.3308
127.446
151.498
151.095
150.682
129.27
98.9673
97.1825
99.1409
100.855
102.619
100.43
99.8563
101.412
119.628
132.895
134.1
133.351
119.873
101.685
99.6353
100.118
101.991
103.239
101.278
101.802
105.446
110.835
116.922
118.387
116.705
111.403
104.827
101.557
101.318
101.703
Frequency = 10 Hz:
106.939
114.188
108.217
105.097
104.324
106.744
106.599
107.75
105.093
106.396
109.028
108.514
108.756
110.364
107.808
104.284
103.644
106.665
110.802
113.246
112.466
108.748
103.96
106.7
105.514
110.546
105.972
105.299
106.512
104.292
111.286
115.962
118.181
117.327
110.31
105.699
104.049
104.576
104.651
109.595
105.455
104.319
104.728
109.747
118.252
117.909
116.85
110.327
106.939
106.694
103.819
105.072
106.033
106.259
102.68
104.034
109.84
117.709
116.882
115.435
110.003
103.42
106.012
104.853
109.79
109.045
106.822
103.95
104.721
110.608
113.315
112.882
110.118
106.345
104.467
106.729
104.994
110.454
104.628
103.699
104.236
103.352
103.092
103.366
104.928
104.477
104.922
104.559
104.163
104.81
105.752
106.943
103.836
105.606
102.877
99.7591
99.3557
99.7594
99.1481
100.579
104.46
104.245
104.744
108.519
105.144
106.096
105.113
101.841
97.7594
94.3399
94.0848
95.4933
98.0819
104.049
105.307
105.483
106.986
107.63
106.565
104.398
102.45
95.5762
94.6297
93.8735
93.3512
96.3042
103.068
107.235
107.94
105.92
106.105
105.815
105.155
104.048
98.5293
93.9477
96.1992
93.5612
97.092
104.331
104.327
106.311
106.988
107.131
105.393
108.813
105.435
100.922
99.5113
98.2831
99.5677
101.186
102.857
107.432
105.2
107.709
108.677
108.904
106.119
105.392
101.936
104.336
103.977
102.12
104.281
105.153
104.754
104.266
105.212

MT3D synthetic impedance and tipper data were wroten into file.
File writing finished. 
Producing MT synthetic data took: 129.492 s in total.
